<?xml version="1.0" encoding="utf-8"?><testsuites><testsuite name="pytest" errors="0" failures="0" skipped="0" tests="15" time="0.890" timestamp="2026-04-14T16:20:46.585818+01:00" hostname="Rohan"><testcase classname="tests.test_app" name="test_clean_trims_and_handles_none" time="0.002" /><testcase classname="tests.test_app" name="test_title_for_page_matches_expected_sections" time="0.000" /><testcase classname="tests.test_app" name="test_hero_image_for_page_switches_by_section" time="0.000" /><testcase classname="tests.test_app" name="test_insert_staff_record_valid_inserts_row" time="0.037" /><testcase classname="tests.test_app" name="test_insert_staff_record_missing_school_rejected" time="0.021" /><testcase classname="tests.test_app" name="test_insert_source_record_adds_leading_slash" time="0.027" /><testcase classname="tests.test_app" name="test_insert_source_record_missing_source_rejected" time="0.017" /><testcase classname="tests.test_app" name="test_fetch_staff_filters_exact_matches" time="0.026" /><testcase classname="tests.test_app" name="test_fetch_sources_filters_exact_matches" time="0.024" /><testcase classname="tests.test_app" name="test_index_redirects_to_page1" time="0.026" /><testcase classname="tests.test_app" name="test_invalid_page_redirects_to_page1" time="0.017" /><testcase classname="tests.test_app" name="test_page5_add_route_with_missing_school_sets_status_missing" time="0.023" /><testcase classname="tests.test_app" name="test_page5_add_route_inserts_and_sets_status_added" time="0.026" /><testcase classname="tests.test_app" name="test_page6_add_route_inserts_source_and_redirects" time="0.023" /><testcase classname="tests.test_app" name="test_page5_renders_with_search_results" time="0.084" /></testsuite></testsuites>